CRITICAL - 2024-01-08 07:55:53 --> Call to undefined function validation_list_errors()
in APPPATH/Views/alta_articulos.php on line 18.
 1 SYSTEMPATH/View/View.php(228): include()
 2 SYSTEMPATH/View/View.php(231): CodeIgniter\View\View->CodeIgniter\View\{closure}()
 3 SYSTEMPATH/Common.php(1190): CodeIgniter\View\View->render('alta_articulos', [], true)
 4 APPPATH/Controllers/Articulos.php(9): view('alta_articulos')
 5 SYSTEMPATH/CodeIgniter.php(942): App\Controllers\Articulos->alta_articulos()
 6 SYSTEMPATH/CodeIgniter.php(502): CodeIgniter\CodeIgniter->runController(Object(App\Controllers\Articulos))
 7 SYSTEMPATH/CodeIgniter.php(361): CodeIgniter\CodeIgniter->handleRequest(null, Object(Config\Cache), false)
 8 FCPATH/index.php(79): CodeIgniter\CodeIgniter->run()
CRITICAL - 2024-01-08 07:55:57 --> Call to undefined function validation_list_errors()
in APPPATH/Views/alta_articulos.php on line 18.
 1 SYSTEMPATH/View/View.php(228): include()
 2 SYSTEMPATH/View/View.php(231): CodeIgniter\View\View->CodeIgniter\View\{closure}()
 3 SYSTEMPATH/Common.php(1190): CodeIgniter\View\View->render('alta_articulos', [], true)
 4 APPPATH/Controllers/Articulos.php(9): view('alta_articulos')
 5 SYSTEMPATH/CodeIgniter.php(942): App\Controllers\Articulos->alta_articulos()
 6 SYSTEMPATH/CodeIgniter.php(502): CodeIgniter\CodeIgniter->runController(Object(App\Controllers\Articulos))
 7 SYSTEMPATH/CodeIgniter.php(361): CodeIgniter\CodeIgniter->handleRequest(null, Object(Config\Cache), false)
 8 FCPATH/index.php(79): CodeIgniter\CodeIgniter->run()
CRITICAL - 2024-01-08 07:56:03 --> Call to undefined function validation_list_errors()
in APPPATH/Views/alta_articulos.php on line 18.
 1 SYSTEMPATH/View/View.php(228): include()
 2 SYSTEMPATH/View/View.php(231): CodeIgniter\View\View->CodeIgniter\View\{closure}()
 3 SYSTEMPATH/Common.php(1190): CodeIgniter\View\View->render('alta_articulos', [], true)
 4 APPPATH/Controllers/Articulos.php(9): view('alta_articulos')
 5 SYSTEMPATH/CodeIgniter.php(942): App\Controllers\Articulos->alta_articulos()
 6 SYSTEMPATH/CodeIgniter.php(502): CodeIgniter\CodeIgniter->runController(Object(App\Controllers\Articulos))
 7 SYSTEMPATH/CodeIgniter.php(361): CodeIgniter\CodeIgniter->handleRequest(null, Object(Config\Cache), false)
 8 FCPATH/index.php(79): CodeIgniter\CodeIgniter->run()
CRITICAL - 2024-01-08 07:56:25 --> Call to undefined function validation_list_errors()
in APPPATH/Views/alta_articulos.php on line 18.
 1 SYSTEMPATH/View/View.php(228): include()
 2 SYSTEMPATH/View/View.php(231): CodeIgniter\View\View->CodeIgniter\View\{closure}()
 3 SYSTEMPATH/Common.php(1190): CodeIgniter\View\View->render('alta_articulos', [], true)
 4 APPPATH/Controllers/Articulos.php(9): view('alta_articulos')
 5 SYSTEMPATH/CodeIgniter.php(942): App\Controllers\Articulos->alta_articulos()
 6 SYSTEMPATH/CodeIgniter.php(502): CodeIgniter\CodeIgniter->runController(Object(App\Controllers\Articulos))
 7 SYSTEMPATH/CodeIgniter.php(361): CodeIgniter\CodeIgniter->handleRequest(null, Object(Config\Cache), false)
 8 FCPATH/index.php(79): CodeIgniter\CodeIgniter->run()
CRITICAL - 2024-01-08 07:56:29 --> Call to undefined function validation_list_errors()
in APPPATH/Views/alta_articulos.php on line 18.
 1 SYSTEMPATH/View/View.php(228): include()
 2 SYSTEMPATH/View/View.php(231): CodeIgniter\View\View->CodeIgniter\View\{closure}()
 3 SYSTEMPATH/Common.php(1190): CodeIgniter\View\View->render('alta_articulos', [], true)
 4 APPPATH/Controllers/Articulos.php(9): view('alta_articulos')
 5 SYSTEMPATH/CodeIgniter.php(942): App\Controllers\Articulos->alta_articulos()
 6 SYSTEMPATH/CodeIgniter.php(502): CodeIgniter\CodeIgniter->runController(Object(App\Controllers\Articulos))
 7 SYSTEMPATH/CodeIgniter.php(361): CodeIgniter\CodeIgniter->handleRequest(null, Object(Config\Cache), false)
 8 FCPATH/index.php(79): CodeIgniter\CodeIgniter->run()
CRITICAL - 2024-01-08 07:56:47 --> Call to undefined function validation_list_errors()
in APPPATH/Views/alta_articulos.php on line 18.
 1 SYSTEMPATH/View/View.php(228): include()
 2 SYSTEMPATH/View/View.php(231): CodeIgniter\View\View->CodeIgniter\View\{closure}()
 3 SYSTEMPATH/Common.php(1190): CodeIgniter\View\View->render('alta_articulos', [], true)
 4 APPPATH/Controllers/Articulos.php(9): view('alta_articulos')
 5 SYSTEMPATH/CodeIgniter.php(942): App\Controllers\Articulos->alta_articulos()
 6 SYSTEMPATH/CodeIgniter.php(502): CodeIgniter\CodeIgniter->runController(Object(App\Controllers\Articulos))
 7 SYSTEMPATH/CodeIgniter.php(361): CodeIgniter\CodeIgniter->handleRequest(null, Object(Config\Cache), false)
 8 FCPATH/index.php(79): CodeIgniter\CodeIgniter->run()
CRITICAL - 2024-01-08 07:57:00 --> Call to undefined function validation_list_errors()
in APPPATH/Views/alta_articulos.php on line 18.
 1 SYSTEMPATH/View/View.php(228): include()
 2 SYSTEMPATH/View/View.php(231): CodeIgniter\View\View->CodeIgniter\View\{closure}()
 3 SYSTEMPATH/Common.php(1190): CodeIgniter\View\View->render('alta_articulos', [], true)
 4 APPPATH/Controllers/Articulos.php(9): view('alta_articulos')
 5 SYSTEMPATH/CodeIgniter.php(942): App\Controllers\Articulos->alta_articulos()
 6 SYSTEMPATH/CodeIgniter.php(502): CodeIgniter\CodeIgniter->runController(Object(App\Controllers\Articulos))
 7 SYSTEMPATH/CodeIgniter.php(361): CodeIgniter\CodeIgniter->handleRequest(null, Object(Config\Cache), false)
 8 FCPATH/index.php(79): CodeIgniter\CodeIgniter->run()
CRITICAL - 2024-01-08 08:07:58 --> Invalid file: "templates/alta_articulos.php"
in SYSTEMPATH/Exceptions/FrameworkException.php on line 39.
 1 SYSTEMPATH/View/View.php(216): CodeIgniter\Exceptions\FrameworkException::forInvalidFile('templates/alta_articulos.php')
 2 SYSTEMPATH/Common.php(1190): CodeIgniter\View\View->render('templates/alta_articulos', [], true)
 3 APPPATH/Controllers/Articulos.php(9): view('templates/alta_articulos')
 4 SYSTEMPATH/CodeIgniter.php(942): App\Controllers\Articulos->alta_articulos()
 5 SYSTEMPATH/CodeIgniter.php(502): CodeIgniter\CodeIgniter->runController(Object(App\Controllers\Articulos))
 6 SYSTEMPATH/CodeIgniter.php(361): CodeIgniter\CodeIgniter->handleRequest(null, Object(Config\Cache), false)
 7 FCPATH/index.php(79): CodeIgniter\CodeIgniter->run()
INFO - 2024-01-08 08:09:23 --> Session: Class initialized using 'CodeIgniter\Session\Handlers\FileHandler' driver.
INFO - 2024-01-08 08:10:20 --> Session: Class initialized using 'CodeIgniter\Session\Handlers\FileHandler' driver.
INFO - 2024-01-08 08:12:26 --> Session: Class initialized using 'CodeIgniter\Session\Handlers\FileHandler' driver.
INFO - 2024-01-08 08:29:01 --> Session: Class initialized using 'CodeIgniter\Session\Handlers\FileHandler' driver.
INFO - 2024-01-08 08:29:41 --> Session: Class initialized using 'CodeIgniter\Session\Handlers\FileHandler' driver.
INFO - 2024-01-08 08:29:48 --> Session: Class initialized using 'CodeIgniter\Session\Handlers\FileHandler' driver.
INFO - 2024-01-08 08:29:57 --> Session: Class initialized using 'CodeIgniter\Session\Handlers\FileHandler' driver.
INFO - 2024-01-08 08:55:09 --> Session: Class initialized using 'CodeIgniter\Session\Handlers\FileHandler' driver.
CRITICAL - 2024-01-08 08:55:09 --> Invalid file: "templates/alta_articulos.php"
in SYSTEMPATH/Exceptions/FrameworkException.php on line 39.
 1 SYSTEMPATH/View/View.php(216): CodeIgniter\Exceptions\FrameworkException::forInvalidFile('templates/alta_articulos.php')
 2 SYSTEMPATH/Common.php(1190): CodeIgniter\View\View->render('templates/alta_articulos', [], true)
 3 APPPATH/Controllers/Articulos.php(9): view('templates/alta_articulos')
 4 SYSTEMPATH/CodeIgniter.php(942): App\Controllers\Articulos->alta_articulos()
 5 SYSTEMPATH/CodeIgniter.php(502): CodeIgniter\CodeIgniter->runController(Object(App\Controllers\Articulos))
 6 SYSTEMPATH/CodeIgniter.php(361): CodeIgniter\CodeIgniter->handleRequest(null, Object(Config\Cache), false)
 7 FCPATH/index.php(79): CodeIgniter\CodeIgniter->run()
INFO - 2024-01-08 08:55:13 --> Session: Class initialized using 'CodeIgniter\Session\Handlers\FileHandler' driver.
CRITICAL - 2024-01-08 08:55:13 --> Invalid file: "templates/alta_articulos.php"
in SYSTEMPATH/Exceptions/FrameworkException.php on line 39.
 1 SYSTEMPATH/View/View.php(216): CodeIgniter\Exceptions\FrameworkException::forInvalidFile('templates/alta_articulos.php')
 2 SYSTEMPATH/Common.php(1190): CodeIgniter\View\View->render('templates/alta_articulos', [], true)
 3 APPPATH/Controllers/Articulos.php(9): view('templates/alta_articulos')
 4 SYSTEMPATH/CodeIgniter.php(942): App\Controllers\Articulos->alta_articulos()
 5 SYSTEMPATH/CodeIgniter.php(502): CodeIgniter\CodeIgniter->runController(Object(App\Controllers\Articulos))
 6 SYSTEMPATH/CodeIgniter.php(361): CodeIgniter\CodeIgniter->handleRequest(null, Object(Config\Cache), false)
 7 FCPATH/index.php(79): CodeIgniter\CodeIgniter->run()
