INFO - 2024-01-25 08:21:39 --> Session: Class initialized using 'CodeIgniter\Session\Handlers\FileHandler' driver.
INFO - 2024-01-25 08:24:46 --> Session: Class initialized using 'CodeIgniter\Session\Handlers\FileHandler' driver.
INFO - 2024-01-25 08:28:23 --> Session: Class initialized using 'CodeIgniter\Session\Handlers\FileHandler' driver.
INFO - 2024-01-25 08:28:24 --> Session: Class initialized using 'CodeIgniter\Session\Handlers\FileHandler' driver.
INFO - 2024-01-25 08:28:26 --> Session: Class initialized using 'CodeIgniter\Session\Handlers\FileHandler' driver.
INFO - 2024-01-25 09:59:16 --> Session: Class initialized using 'CodeIgniter\Session\Handlers\FileHandler' driver.
INFO - 2024-01-25 09:59:36 --> Session: Class initialized using 'CodeIgniter\Session\Handlers\FileHandler' driver.
CRITICAL - 2024-01-25 10:05:51 --> Invalid file: "registro_usuarios.php"
in SYSTEMPATH/Exceptions/FrameworkException.php on line 39.
 1 SYSTEMPATH/View/View.php(216): CodeIgniter\Exceptions\FrameworkException::forInvalidFile('registro_usuarios.php')
 2 SYSTEMPATH/Common.php(1190): CodeIgniter\View\View->render('registro_usuarios', [], true)
 3 APPPATH/Controllers/Usuarios.php(18): view('registro_usuarios')
 4 SYSTEMPATH/CodeIgniter.php(942): App\Controllers\Usuarios->crear_usuario()
 5 SYSTEMPATH/CodeIgniter.php(502): CodeIgniter\CodeIgniter->runController(Object(App\Controllers\Usuarios))
 6 SYSTEMPATH/CodeIgniter.php(361): CodeIgniter\CodeIgniter->handleRequest(null, Object(Config\Cache), false)
 7 FCPATH/index.php(79): CodeIgniter\CodeIgniter->run()
CRITICAL - 2024-01-25 10:06:06 --> Invalid file: "registro_usuarios.php"
in SYSTEMPATH/Exceptions/FrameworkException.php on line 39.
 1 SYSTEMPATH/View/View.php(216): CodeIgniter\Exceptions\FrameworkException::forInvalidFile('registro_usuarios.php')
 2 SYSTEMPATH/Common.php(1190): CodeIgniter\View\View->render('registro_usuarios', [], true)
 3 APPPATH/Controllers/Usuarios.php(18): view('registro_usuarios')
 4 SYSTEMPATH/CodeIgniter.php(942): App\Controllers\Usuarios->crear_usuario()
 5 SYSTEMPATH/CodeIgniter.php(502): CodeIgniter\CodeIgniter->runController(Object(App\Controllers\Usuarios))
 6 SYSTEMPATH/CodeIgniter.php(361): CodeIgniter\CodeIgniter->handleRequest(null, Object(Config\Cache), false)
 7 FCPATH/index.php(79): CodeIgniter\CodeIgniter->run()
CRITICAL - 2024-01-25 10:06:26 --> Invalid file: "registro_usuarios.php"
in SYSTEMPATH/Exceptions/FrameworkException.php on line 39.
 1 SYSTEMPATH/View/View.php(216): CodeIgniter\Exceptions\FrameworkException::forInvalidFile('registro_usuarios.php')
 2 SYSTEMPATH/Common.php(1190): CodeIgniter\View\View->render('registro_usuarios', [], true)
 3 APPPATH/Controllers/Usuarios.php(18): view('registro_usuarios')
 4 SYSTEMPATH/CodeIgniter.php(942): App\Controllers\Usuarios->crear_usuario()
 5 SYSTEMPATH/CodeIgniter.php(502): CodeIgniter\CodeIgniter->runController(Object(App\Controllers\Usuarios))
 6 SYSTEMPATH/CodeIgniter.php(361): CodeIgniter\CodeIgniter->handleRequest(null, Object(Config\Cache), false)
 7 FCPATH/index.php(79): CodeIgniter\CodeIgniter->run()
CRITICAL - 2024-01-25 10:06:30 --> Invalid file: "registro_usuarios.php"
in SYSTEMPATH/Exceptions/FrameworkException.php on line 39.
 1 SYSTEMPATH/View/View.php(216): CodeIgniter\Exceptions\FrameworkException::forInvalidFile('registro_usuarios.php')
 2 SYSTEMPATH/Common.php(1190): CodeIgniter\View\View->render('registro_usuarios', [], true)
 3 APPPATH/Controllers/Usuarios.php(18): view('registro_usuarios')
 4 SYSTEMPATH/CodeIgniter.php(942): App\Controllers\Usuarios->crear_usuario()
 5 SYSTEMPATH/CodeIgniter.php(502): CodeIgniter\CodeIgniter->runController(Object(App\Controllers\Usuarios))
 6 SYSTEMPATH/CodeIgniter.php(361): CodeIgniter\CodeIgniter->handleRequest(null, Object(Config\Cache), false)
 7 FCPATH/index.php(79): CodeIgniter\CodeIgniter->run()
ERROR - 2024-01-25 10:09:05 --> mysqli_sql_exception: Column 'contraseña' cannot be null in /Applications/MAMP/htdocs/AppCompraVenta/system/Database/MySQLi/Connection.php:306
Stack trace:
#0 /Applications/MAMP/htdocs/AppCompraVenta/system/Database/MySQLi/Connection.php(306): mysqli->query('INSERT INTO `us...', 0)
#1 /Applications/MAMP/htdocs/AppCompraVenta/system/Database/BaseConnection.php(693): CodeIgniter\Database\MySQLi\Connection->execute('INSERT INTO `us...')
#2 /Applications/MAMP/htdocs/AppCompraVenta/system/Database/BaseConnection.php(607): CodeIgniter\Database\BaseConnection->simpleQuery('INSERT INTO `us...')
#3 /Applications/MAMP/htdocs/AppCompraVenta/system/Database/BaseBuilder.php(2308): CodeIgniter\Database\BaseConnection->query('INSERT INTO `us...', Array, false)
#4 /Applications/MAMP/htdocs/AppCompraVenta/system/Model.php(319): CodeIgniter\Database\BaseBuilder->insert()
#5 /Applications/MAMP/htdocs/AppCompraVenta/system/BaseModel.php(788): CodeIgniter\Model->doInsert(Array)
#6 /Applications/MAMP/htdocs/AppCompraVenta/system/Model.php(715): CodeIgniter\BaseModel->insert(Array, false)
#7 /Applications/MAMP/htdocs/AppCompraVenta/system/BaseModel.php(698): CodeIgniter\Model->insert(Array, false)
#8 /Applications/MAMP/htdocs/AppCompraVenta/app/Controllers/Usuarios.php(28): CodeIgniter\BaseModel->save(Array)
#9 /Applications/MAMP/htdocs/AppCompraVenta/system/CodeIgniter.php(942): App\Controllers\Usuarios->guardar_usuario()
#10 /Applications/MAMP/htdocs/AppCompraVenta/system/CodeIgniter.php(502): CodeIgniter\CodeIgniter->runController(Object(App\Controllers\Usuarios))
#11 /Applications/MAMP/htdocs/AppCompraVenta/system/CodeIgniter.php(361): CodeIgniter\CodeIgniter->handleRequest(NULL, Object(Config\Cache), false)
#12 /Applications/MAMP/htdocs/AppCompraVenta/public/index.php(79): CodeIgniter\CodeIgniter->run()
#13 {main}
CRITICAL - 2024-01-25 10:09:05 --> Column 'contraseña' cannot be null
in SYSTEMPATH/Database/BaseConnection.php on line 647.
 1 SYSTEMPATH/Database/BaseBuilder.php(2308): CodeIgniter\Database\BaseConnection->query('INSERT INTO `usuarios` (`nombre`, `contraseña`) VALUES (:nombre:, :contraseña:)', [...], false)
 2 SYSTEMPATH/Model.php(319): CodeIgniter\Database\BaseBuilder->insert()
 3 SYSTEMPATH/BaseModel.php(788): CodeIgniter\Model->doInsert([...])
 4 SYSTEMPATH/Model.php(715): CodeIgniter\BaseModel->insert([...], false)
 5 SYSTEMPATH/BaseModel.php(698): CodeIgniter\Model->insert([...], false)
 6 APPPATH/Controllers/Usuarios.php(28): CodeIgniter\BaseModel->save([...])
 7 SYSTEMPATH/CodeIgniter.php(942): App\Controllers\Usuarios->guardar_usuario()
 8 SYSTEMPATH/CodeIgniter.php(502): CodeIgniter\CodeIgniter->runController(Object(App\Controllers\Usuarios))
 9 SYSTEMPATH/CodeIgniter.php(361): CodeIgniter\CodeIgniter->handleRequest(null, Object(Config\Cache), false)
10 FCPATH/index.php(79): CodeIgniter\CodeIgniter->run()
ERROR - 2024-01-25 10:09:09 --> mysqli_sql_exception: Column 'contraseña' cannot be null in /Applications/MAMP/htdocs/AppCompraVenta/system/Database/MySQLi/Connection.php:306
Stack trace:
#0 /Applications/MAMP/htdocs/AppCompraVenta/system/Database/MySQLi/Connection.php(306): mysqli->query('INSERT INTO `us...', 0)
#1 /Applications/MAMP/htdocs/AppCompraVenta/system/Database/BaseConnection.php(693): CodeIgniter\Database\MySQLi\Connection->execute('INSERT INTO `us...')
#2 /Applications/MAMP/htdocs/AppCompraVenta/system/Database/BaseConnection.php(607): CodeIgniter\Database\BaseConnection->simpleQuery('INSERT INTO `us...')
#3 /Applications/MAMP/htdocs/AppCompraVenta/system/Database/BaseBuilder.php(2308): CodeIgniter\Database\BaseConnection->query('INSERT INTO `us...', Array, false)
#4 /Applications/MAMP/htdocs/AppCompraVenta/system/Model.php(319): CodeIgniter\Database\BaseBuilder->insert()
#5 /Applications/MAMP/htdocs/AppCompraVenta/system/BaseModel.php(788): CodeIgniter\Model->doInsert(Array)
#6 /Applications/MAMP/htdocs/AppCompraVenta/system/Model.php(715): CodeIgniter\BaseModel->insert(Array, false)
#7 /Applications/MAMP/htdocs/AppCompraVenta/system/BaseModel.php(698): CodeIgniter\Model->insert(Array, false)
#8 /Applications/MAMP/htdocs/AppCompraVenta/app/Controllers/Usuarios.php(28): CodeIgniter\BaseModel->save(Array)
#9 /Applications/MAMP/htdocs/AppCompraVenta/system/CodeIgniter.php(942): App\Controllers\Usuarios->guardar_usuario()
#10 /Applications/MAMP/htdocs/AppCompraVenta/system/CodeIgniter.php(502): CodeIgniter\CodeIgniter->runController(Object(App\Controllers\Usuarios))
#11 /Applications/MAMP/htdocs/AppCompraVenta/system/CodeIgniter.php(361): CodeIgniter\CodeIgniter->handleRequest(NULL, Object(Config\Cache), false)
#12 /Applications/MAMP/htdocs/AppCompraVenta/public/index.php(79): CodeIgniter\CodeIgniter->run()
#13 {main}
CRITICAL - 2024-01-25 10:09:09 --> Column 'contraseña' cannot be null
in SYSTEMPATH/Database/BaseConnection.php on line 647.
 1 SYSTEMPATH/Database/BaseBuilder.php(2308): CodeIgniter\Database\BaseConnection->query('INSERT INTO `usuarios` (`nombre`, `contraseña`) VALUES (:nombre:, :contraseña:)', [...], false)
 2 SYSTEMPATH/Model.php(319): CodeIgniter\Database\BaseBuilder->insert()
 3 SYSTEMPATH/BaseModel.php(788): CodeIgniter\Model->doInsert([...])
 4 SYSTEMPATH/Model.php(715): CodeIgniter\BaseModel->insert([...], false)
 5 SYSTEMPATH/BaseModel.php(698): CodeIgniter\Model->insert([...], false)
 6 APPPATH/Controllers/Usuarios.php(28): CodeIgniter\BaseModel->save([...])
 7 SYSTEMPATH/CodeIgniter.php(942): App\Controllers\Usuarios->guardar_usuario()
 8 SYSTEMPATH/CodeIgniter.php(502): CodeIgniter\CodeIgniter->runController(Object(App\Controllers\Usuarios))
 9 SYSTEMPATH/CodeIgniter.php(361): CodeIgniter\CodeIgniter->handleRequest(null, Object(Config\Cache), false)
10 FCPATH/index.php(79): CodeIgniter\CodeIgniter->run()
ERROR - 2024-01-25 10:20:17 --> mysqli_sql_exception: Column 'contraseña' cannot be null in /Applications/MAMP/htdocs/AppCompraVenta/system/Database/MySQLi/Connection.php:306
Stack trace:
#0 /Applications/MAMP/htdocs/AppCompraVenta/system/Database/MySQLi/Connection.php(306): mysqli->query('INSERT INTO `us...', 0)
#1 /Applications/MAMP/htdocs/AppCompraVenta/system/Database/BaseConnection.php(693): CodeIgniter\Database\MySQLi\Connection->execute('INSERT INTO `us...')
#2 /Applications/MAMP/htdocs/AppCompraVenta/system/Database/BaseConnection.php(607): CodeIgniter\Database\BaseConnection->simpleQuery('INSERT INTO `us...')
#3 /Applications/MAMP/htdocs/AppCompraVenta/system/Database/BaseBuilder.php(2308): CodeIgniter\Database\BaseConnection->query('INSERT INTO `us...', Array, false)
#4 /Applications/MAMP/htdocs/AppCompraVenta/system/Model.php(319): CodeIgniter\Database\BaseBuilder->insert()
#5 /Applications/MAMP/htdocs/AppCompraVenta/system/BaseModel.php(788): CodeIgniter\Model->doInsert(Array)
#6 /Applications/MAMP/htdocs/AppCompraVenta/system/Model.php(715): CodeIgniter\BaseModel->insert(Array, false)
#7 /Applications/MAMP/htdocs/AppCompraVenta/system/BaseModel.php(698): CodeIgniter\Model->insert(Array, false)
#8 /Applications/MAMP/htdocs/AppCompraVenta/app/Controllers/Usuarios.php(28): CodeIgniter\BaseModel->save(Array)
#9 /Applications/MAMP/htdocs/AppCompraVenta/system/CodeIgniter.php(942): App\Controllers\Usuarios->guardar_usuario()
#10 /Applications/MAMP/htdocs/AppCompraVenta/system/CodeIgniter.php(502): CodeIgniter\CodeIgniter->runController(Object(App\Controllers\Usuarios))
#11 /Applications/MAMP/htdocs/AppCompraVenta/system/CodeIgniter.php(361): CodeIgniter\CodeIgniter->handleRequest(NULL, Object(Config\Cache), false)
#12 /Applications/MAMP/htdocs/AppCompraVenta/public/index.php(79): CodeIgniter\CodeIgniter->run()
#13 {main}
CRITICAL - 2024-01-25 10:20:17 --> Column 'contraseña' cannot be null
in SYSTEMPATH/Database/BaseConnection.php on line 647.
 1 SYSTEMPATH/Database/BaseBuilder.php(2308): CodeIgniter\Database\BaseConnection->query('INSERT INTO `usuarios` (`nombre`, `contraseña`) VALUES (:nombre:, :contraseña:)', [...], false)
 2 SYSTEMPATH/Model.php(319): CodeIgniter\Database\BaseBuilder->insert()
 3 SYSTEMPATH/BaseModel.php(788): CodeIgniter\Model->doInsert([...])
 4 SYSTEMPATH/Model.php(715): CodeIgniter\BaseModel->insert([...], false)
 5 SYSTEMPATH/BaseModel.php(698): CodeIgniter\Model->insert([...], false)
 6 APPPATH/Controllers/Usuarios.php(28): CodeIgniter\BaseModel->save([...])
 7 SYSTEMPATH/CodeIgniter.php(942): App\Controllers\Usuarios->guardar_usuario()
 8 SYSTEMPATH/CodeIgniter.php(502): CodeIgniter\CodeIgniter->runController(Object(App\Controllers\Usuarios))
 9 SYSTEMPATH/CodeIgniter.php(361): CodeIgniter\CodeIgniter->handleRequest(null, Object(Config\Cache), false)
10 FCPATH/index.php(79): CodeIgniter\CodeIgniter->run()
ERROR - 2024-01-25 10:23:11 --> mysqli_sql_exception: Column 'contraseña' cannot be null in /Applications/MAMP/htdocs/AppCompraVenta/system/Database/MySQLi/Connection.php:306
Stack trace:
#0 /Applications/MAMP/htdocs/AppCompraVenta/system/Database/MySQLi/Connection.php(306): mysqli->query('INSERT INTO `us...', 0)
#1 /Applications/MAMP/htdocs/AppCompraVenta/system/Database/BaseConnection.php(693): CodeIgniter\Database\MySQLi\Connection->execute('INSERT INTO `us...')
#2 /Applications/MAMP/htdocs/AppCompraVenta/system/Database/BaseConnection.php(607): CodeIgniter\Database\BaseConnection->simpleQuery('INSERT INTO `us...')
#3 /Applications/MAMP/htdocs/AppCompraVenta/system/Database/BaseBuilder.php(2308): CodeIgniter\Database\BaseConnection->query('INSERT INTO `us...', Array, false)
#4 /Applications/MAMP/htdocs/AppCompraVenta/system/Model.php(319): CodeIgniter\Database\BaseBuilder->insert()
#5 /Applications/MAMP/htdocs/AppCompraVenta/system/BaseModel.php(788): CodeIgniter\Model->doInsert(Array)
#6 /Applications/MAMP/htdocs/AppCompraVenta/system/Model.php(715): CodeIgniter\BaseModel->insert(Array, false)
#7 /Applications/MAMP/htdocs/AppCompraVenta/system/BaseModel.php(698): CodeIgniter\Model->insert(Array, false)
#8 /Applications/MAMP/htdocs/AppCompraVenta/app/Controllers/Usuarios.php(28): CodeIgniter\BaseModel->save(Array)
#9 /Applications/MAMP/htdocs/AppCompraVenta/system/CodeIgniter.php(942): App\Controllers\Usuarios->guardar_usuario()
#10 /Applications/MAMP/htdocs/AppCompraVenta/system/CodeIgniter.php(502): CodeIgniter\CodeIgniter->runController(Object(App\Controllers\Usuarios))
#11 /Applications/MAMP/htdocs/AppCompraVenta/system/CodeIgniter.php(361): CodeIgniter\CodeIgniter->handleRequest(NULL, Object(Config\Cache), false)
#12 /Applications/MAMP/htdocs/AppCompraVenta/public/index.php(79): CodeIgniter\CodeIgniter->run()
#13 {main}
CRITICAL - 2024-01-25 10:23:11 --> Column 'contraseña' cannot be null
in SYSTEMPATH/Database/BaseConnection.php on line 647.
 1 SYSTEMPATH/Database/BaseBuilder.php(2308): CodeIgniter\Database\BaseConnection->query('INSERT INTO `usuarios` (`nombre`, `contraseña`) VALUES (:nombre:, :contraseña:)', [...], false)
 2 SYSTEMPATH/Model.php(319): CodeIgniter\Database\BaseBuilder->insert()
 3 SYSTEMPATH/BaseModel.php(788): CodeIgniter\Model->doInsert([...])
 4 SYSTEMPATH/Model.php(715): CodeIgniter\BaseModel->insert([...], false)
 5 SYSTEMPATH/BaseModel.php(698): CodeIgniter\Model->insert([...], false)
 6 APPPATH/Controllers/Usuarios.php(28): CodeIgniter\BaseModel->save([...])
 7 SYSTEMPATH/CodeIgniter.php(942): App\Controllers\Usuarios->guardar_usuario()
 8 SYSTEMPATH/CodeIgniter.php(502): CodeIgniter\CodeIgniter->runController(Object(App\Controllers\Usuarios))
 9 SYSTEMPATH/CodeIgniter.php(361): CodeIgniter\CodeIgniter->handleRequest(null, Object(Config\Cache), false)
10 FCPATH/index.php(79): CodeIgniter\CodeIgniter->run()
ERROR - 2024-01-25 10:23:44 --> mysqli_sql_exception: Column 'contraseña' cannot be null in /Applications/MAMP/htdocs/AppCompraVenta/system/Database/MySQLi/Connection.php:306
Stack trace:
#0 /Applications/MAMP/htdocs/AppCompraVenta/system/Database/MySQLi/Connection.php(306): mysqli->query('INSERT INTO `us...', 0)
#1 /Applications/MAMP/htdocs/AppCompraVenta/system/Database/BaseConnection.php(693): CodeIgniter\Database\MySQLi\Connection->execute('INSERT INTO `us...')
#2 /Applications/MAMP/htdocs/AppCompraVenta/system/Database/BaseConnection.php(607): CodeIgniter\Database\BaseConnection->simpleQuery('INSERT INTO `us...')
#3 /Applications/MAMP/htdocs/AppCompraVenta/system/Database/BaseBuilder.php(2308): CodeIgniter\Database\BaseConnection->query('INSERT INTO `us...', Array, false)
#4 /Applications/MAMP/htdocs/AppCompraVenta/system/Model.php(319): CodeIgniter\Database\BaseBuilder->insert()
#5 /Applications/MAMP/htdocs/AppCompraVenta/system/BaseModel.php(788): CodeIgniter\Model->doInsert(Array)
#6 /Applications/MAMP/htdocs/AppCompraVenta/system/Model.php(715): CodeIgniter\BaseModel->insert(Array, false)
#7 /Applications/MAMP/htdocs/AppCompraVenta/system/BaseModel.php(698): CodeIgniter\Model->insert(Array, false)
#8 /Applications/MAMP/htdocs/AppCompraVenta/app/Controllers/Usuarios.php(28): CodeIgniter\BaseModel->save(Array)
#9 /Applications/MAMP/htdocs/AppCompraVenta/system/CodeIgniter.php(942): App\Controllers\Usuarios->guardar_usuario()
#10 /Applications/MAMP/htdocs/AppCompraVenta/system/CodeIgniter.php(502): CodeIgniter\CodeIgniter->runController(Object(App\Controllers\Usuarios))
#11 /Applications/MAMP/htdocs/AppCompraVenta/system/CodeIgniter.php(361): CodeIgniter\CodeIgniter->handleRequest(NULL, Object(Config\Cache), false)
#12 /Applications/MAMP/htdocs/AppCompraVenta/public/index.php(79): CodeIgniter\CodeIgniter->run()
#13 {main}
CRITICAL - 2024-01-25 10:23:44 --> Column 'contraseña' cannot be null
in SYSTEMPATH/Database/BaseConnection.php on line 647.
 1 SYSTEMPATH/Database/BaseBuilder.php(2308): CodeIgniter\Database\BaseConnection->query('INSERT INTO `usuarios` (`nombre`, `contraseña`) VALUES (:nombre:, :contraseña:)', [...], false)
 2 SYSTEMPATH/Model.php(319): CodeIgniter\Database\BaseBuilder->insert()
 3 SYSTEMPATH/BaseModel.php(788): CodeIgniter\Model->doInsert([...])
 4 SYSTEMPATH/Model.php(715): CodeIgniter\BaseModel->insert([...], false)
 5 SYSTEMPATH/BaseModel.php(698): CodeIgniter\Model->insert([...], false)
 6 APPPATH/Controllers/Usuarios.php(28): CodeIgniter\BaseModel->save([...])
 7 SYSTEMPATH/CodeIgniter.php(942): App\Controllers\Usuarios->guardar_usuario()
 8 SYSTEMPATH/CodeIgniter.php(502): CodeIgniter\CodeIgniter->runController(Object(App\Controllers\Usuarios))
 9 SYSTEMPATH/CodeIgniter.php(361): CodeIgniter\CodeIgniter->handleRequest(null, Object(Config\Cache), false)
10 FCPATH/index.php(79): CodeIgniter\CodeIgniter->run()
ERROR - 2024-01-25 10:32:52 --> mysqli_sql_exception: Column 'nombre' cannot be null in /Applications/MAMP/htdocs/AppCompraVenta/system/Database/MySQLi/Connection.php:306
Stack trace:
#0 /Applications/MAMP/htdocs/AppCompraVenta/system/Database/MySQLi/Connection.php(306): mysqli->query('INSERT INTO `us...', 0)
#1 /Applications/MAMP/htdocs/AppCompraVenta/system/Database/BaseConnection.php(693): CodeIgniter\Database\MySQLi\Connection->execute('INSERT INTO `us...')
#2 /Applications/MAMP/htdocs/AppCompraVenta/system/Database/BaseConnection.php(607): CodeIgniter\Database\BaseConnection->simpleQuery('INSERT INTO `us...')
#3 /Applications/MAMP/htdocs/AppCompraVenta/system/Database/BaseBuilder.php(2308): CodeIgniter\Database\BaseConnection->query('INSERT INTO `us...', Array, false)
#4 /Applications/MAMP/htdocs/AppCompraVenta/system/Model.php(319): CodeIgniter\Database\BaseBuilder->insert()
#5 /Applications/MAMP/htdocs/AppCompraVenta/system/BaseModel.php(788): CodeIgniter\Model->doInsert(Array)
#6 /Applications/MAMP/htdocs/AppCompraVenta/system/Model.php(715): CodeIgniter\BaseModel->insert(Array, false)
#7 /Applications/MAMP/htdocs/AppCompraVenta/system/BaseModel.php(698): CodeIgniter\Model->insert(Array, false)
#8 /Applications/MAMP/htdocs/AppCompraVenta/app/Controllers/Usuarios.php(28): CodeIgniter\BaseModel->save(Array)
#9 /Applications/MAMP/htdocs/AppCompraVenta/system/CodeIgniter.php(942): App\Controllers\Usuarios->guardar_usuario()
#10 /Applications/MAMP/htdocs/AppCompraVenta/system/CodeIgniter.php(502): CodeIgniter\CodeIgniter->runController(Object(App\Controllers\Usuarios))
#11 /Applications/MAMP/htdocs/AppCompraVenta/system/CodeIgniter.php(361): CodeIgniter\CodeIgniter->handleRequest(NULL, Object(Config\Cache), false)
#12 /Applications/MAMP/htdocs/AppCompraVenta/public/index.php(79): CodeIgniter\CodeIgniter->run()
#13 {main}
CRITICAL - 2024-01-25 10:32:52 --> Column 'nombre' cannot be null
in SYSTEMPATH/Database/BaseConnection.php on line 647.
 1 SYSTEMPATH/Database/BaseBuilder.php(2308): CodeIgniter\Database\BaseConnection->query('INSERT INTO `usuarios` (`nombre`, `contraseña`) VALUES (:nombre:, :contraseña:)', [...], false)
 2 SYSTEMPATH/Model.php(319): CodeIgniter\Database\BaseBuilder->insert()
 3 SYSTEMPATH/BaseModel.php(788): CodeIgniter\Model->doInsert([...])
 4 SYSTEMPATH/Model.php(715): CodeIgniter\BaseModel->insert([...], false)
 5 SYSTEMPATH/BaseModel.php(698): CodeIgniter\Model->insert([...], false)
 6 APPPATH/Controllers/Usuarios.php(28): CodeIgniter\BaseModel->save([...])
 7 SYSTEMPATH/CodeIgniter.php(942): App\Controllers\Usuarios->guardar_usuario()
 8 SYSTEMPATH/CodeIgniter.php(502): CodeIgniter\CodeIgniter->runController(Object(App\Controllers\Usuarios))
 9 SYSTEMPATH/CodeIgniter.php(361): CodeIgniter\CodeIgniter->handleRequest(null, Object(Config\Cache), false)
10 FCPATH/index.php(79): CodeIgniter\CodeIgniter->run()
INFO - 2024-01-25 10:38:13 --> Session: Class initialized using 'CodeIgniter\Session\Handlers\FileHandler' driver.
INFO - 2024-01-25 12:52:23 --> Session: Class initialized using 'CodeIgniter\Session\Handlers\FileHandler' driver.
INFO - 2024-01-25 12:53:05 --> Session: Class initialized using 'CodeIgniter\Session\Handlers\FileHandler' driver.
INFO - 2024-01-25 12:53:49 --> Session: Class initialized using 'CodeIgniter\Session\Handlers\FileHandler' driver.
CRITICAL - 2024-01-25 12:54:07 --> The original file is not a valid file.
in SYSTEMPATH/HTTP/Files/UploadedFile.php on line 146.
 1 SYSTEMPATH/HTTP/Files/UploadedFile.php(146): CodeIgniter\HTTP\Exceptions\HTTPException::forInvalidFile()
 2 APPPATH/Controllers/Articulos.php(39): CodeIgniter\HTTP\Files\UploadedFile->move('../public/uploads/', '1706187247_8e5aff6fa0fdbc311abe')
 3 SYSTEMPATH/CodeIgniter.php(942): App\Controllers\Articulos->guardar()
 4 SYSTEMPATH/CodeIgniter.php(502): CodeIgniter\CodeIgniter->runController(Object(App\Controllers\Articulos))
 5 SYSTEMPATH/CodeIgniter.php(361): CodeIgniter\CodeIgniter->handleRequest(null, Object(Config\Cache), false)
 6 FCPATH/index.php(79): CodeIgniter\CodeIgniter->run()
CRITICAL - 2024-01-25 13:11:57 --> Undefined variable $usuario
in APPPATH/Views/templates/header.php on line 41.
 1 APPPATH/Views/templates/header.php(41): CodeIgniter\Debug\Exceptions->errorHandler(2, 'Undefined variable $usuario', '/Applications/MAMP/htdocs/AppCompraVenta/app/Views/templates/header.php', 41)
 2 SYSTEMPATH/View/View.php(228): include('/Applications/MAMP/htdocs/AppCompraVenta/app/Views/templates/header.php')
 3 SYSTEMPATH/View/View.php(231): CodeIgniter\View\View->CodeIgniter\View\{closure}()
 4 SYSTEMPATH/Common.php(1190): CodeIgniter\View\View->render('templates/header', [], true)
 5 APPPATH/Controllers/Usuarios.php(39): view('templates/header')
 6 SYSTEMPATH/CodeIgniter.php(942): App\Controllers\Usuarios->mostrar_login()
 7 SYSTEMPATH/CodeIgniter.php(502): CodeIgniter\CodeIgniter->runController(Object(App\Controllers\Usuarios))
 8 SYSTEMPATH/CodeIgniter.php(361): CodeIgniter\CodeIgniter->handleRequest(null, Object(Config\Cache), false)
 9 FCPATH/index.php(79): CodeIgniter\CodeIgniter->run()
CRITICAL - 2024-01-25 13:12:05 --> Undefined variable $nombre
in APPPATH/Views/templates/header.php on line 41.
 1 APPPATH/Views/templates/header.php(41): CodeIgniter\Debug\Exceptions->errorHandler(2, 'Undefined variable $nombre', '/Applications/MAMP/htdocs/AppCompraVenta/app/Views/templates/header.php', 41)
 2 SYSTEMPATH/View/View.php(228): include('/Applications/MAMP/htdocs/AppCompraVenta/app/Views/templates/header.php')
 3 SYSTEMPATH/View/View.php(231): CodeIgniter\View\View->CodeIgniter\View\{closure}()
 4 SYSTEMPATH/Common.php(1190): CodeIgniter\View\View->render('templates/header', [], true)
 5 APPPATH/Controllers/Usuarios.php(39): view('templates/header')
 6 SYSTEMPATH/CodeIgniter.php(942): App\Controllers\Usuarios->mostrar_login()
 7 SYSTEMPATH/CodeIgniter.php(502): CodeIgniter\CodeIgniter->runController(Object(App\Controllers\Usuarios))
 8 SYSTEMPATH/CodeIgniter.php(361): CodeIgniter\CodeIgniter->handleRequest(null, Object(Config\Cache), false)
 9 FCPATH/index.php(79): CodeIgniter\CodeIgniter->run()
CRITICAL - 2024-01-25 13:15:04 --> Undefined variable $nombre
in APPPATH/Views/templates/header.php on line 41.
 1 APPPATH/Views/templates/header.php(41): CodeIgniter\Debug\Exceptions->errorHandler(2, 'Undefined variable $nombre', '/Applications/MAMP/htdocs/AppCompraVenta/app/Views/templates/header.php', 41)
 2 SYSTEMPATH/View/View.php(228): include('/Applications/MAMP/htdocs/AppCompraVenta/app/Views/templates/header.php')
 3 SYSTEMPATH/View/View.php(231): CodeIgniter\View\View->CodeIgniter\View\{closure}()
 4 SYSTEMPATH/Common.php(1190): CodeIgniter\View\View->render('templates/header', [], true)
 5 APPPATH/Controllers/Usuarios.php(39): view('templates/header')
 6 SYSTEMPATH/CodeIgniter.php(942): App\Controllers\Usuarios->mostrar_login()
 7 SYSTEMPATH/CodeIgniter.php(502): CodeIgniter\CodeIgniter->runController(Object(App\Controllers\Usuarios))
 8 SYSTEMPATH/CodeIgniter.php(361): CodeIgniter\CodeIgniter->handleRequest(null, Object(Config\Cache), false)
 9 FCPATH/index.php(79): CodeIgniter\CodeIgniter->run()
CRITICAL - 2024-01-25 13:15:40 --> Undefined variable $usuario
in APPPATH/Views/templates/header.php on line 41.
 1 APPPATH/Views/templates/header.php(41): CodeIgniter\Debug\Exceptions->errorHandler(2, 'Undefined variable $usuario', '/Applications/MAMP/htdocs/AppCompraVenta/app/Views/templates/header.php', 41)
 2 SYSTEMPATH/View/View.php(228): include('/Applications/MAMP/htdocs/AppCompraVenta/app/Views/templates/header.php')
 3 SYSTEMPATH/View/View.php(231): CodeIgniter\View\View->CodeIgniter\View\{closure}()
 4 SYSTEMPATH/Common.php(1190): CodeIgniter\View\View->render('templates/header', [], true)
 5 APPPATH/Controllers/Usuarios.php(39): view('templates/header')
 6 SYSTEMPATH/CodeIgniter.php(942): App\Controllers\Usuarios->mostrar_login()
 7 SYSTEMPATH/CodeIgniter.php(502): CodeIgniter\CodeIgniter->runController(Object(App\Controllers\Usuarios))
 8 SYSTEMPATH/CodeIgniter.php(361): CodeIgniter\CodeIgniter->handleRequest(null, Object(Config\Cache), false)
 9 FCPATH/index.php(79): CodeIgniter\CodeIgniter->run()
CRITICAL - 2024-01-25 13:16:27 --> Undefined variable $nombre
in APPPATH/Views/templates/header.php on line 41.
 1 APPPATH/Views/templates/header.php(41): CodeIgniter\Debug\Exceptions->errorHandler(2, 'Undefined variable $nombre', '/Applications/MAMP/htdocs/AppCompraVenta/app/Views/templates/header.php', 41)
 2 SYSTEMPATH/View/View.php(228): include('/Applications/MAMP/htdocs/AppCompraVenta/app/Views/templates/header.php')
 3 SYSTEMPATH/View/View.php(231): CodeIgniter\View\View->CodeIgniter\View\{closure}()
 4 SYSTEMPATH/Common.php(1190): CodeIgniter\View\View->render('templates/header', [], true)
 5 APPPATH/Controllers/Articulos.php(47): view('templates/header')
 6 SYSTEMPATH/CodeIgniter.php(942): App\Controllers\Articulos->guardar()
 7 SYSTEMPATH/CodeIgniter.php(502): CodeIgniter\CodeIgniter->runController(Object(App\Controllers\Articulos))
 8 SYSTEMPATH/CodeIgniter.php(361): CodeIgniter\CodeIgniter->handleRequest(null, Object(Config\Cache), false)
 9 FCPATH/index.php(79): CodeIgniter\CodeIgniter->run()
CRITICAL - 2024-01-25 13:16:31 --> Undefined variable $nombre
in APPPATH/Views/templates/header.php on line 41.
 1 APPPATH/Views/templates/header.php(41): CodeIgniter\Debug\Exceptions->errorHandler(2, 'Undefined variable $nombre', '/Applications/MAMP/htdocs/AppCompraVenta/app/Views/templates/header.php', 41)
 2 SYSTEMPATH/View/View.php(228): include('/Applications/MAMP/htdocs/AppCompraVenta/app/Views/templates/header.php')
 3 SYSTEMPATH/View/View.php(231): CodeIgniter\View\View->CodeIgniter\View\{closure}()
 4 SYSTEMPATH/Common.php(1190): CodeIgniter\View\View->render('templates/header', [], true)
 5 APPPATH/Controllers/Articulos.php(47): view('templates/header')
 6 SYSTEMPATH/CodeIgniter.php(942): App\Controllers\Articulos->guardar()
 7 SYSTEMPATH/CodeIgniter.php(502): CodeIgniter\CodeIgniter->runController(Object(App\Controllers\Articulos))
 8 SYSTEMPATH/CodeIgniter.php(361): CodeIgniter\CodeIgniter->handleRequest(null, Object(Config\Cache), false)
 9 FCPATH/index.php(79): CodeIgniter\CodeIgniter->run()
CRITICAL - 2024-01-25 13:16:35 --> Undefined variable $nombre
in APPPATH/Views/templates/header.php on line 41.
 1 APPPATH/Views/templates/header.php(41): CodeIgniter\Debug\Exceptions->errorHandler(2, 'Undefined variable $nombre', '/Applications/MAMP/htdocs/AppCompraVenta/app/Views/templates/header.php', 41)
 2 SYSTEMPATH/View/View.php(228): include('/Applications/MAMP/htdocs/AppCompraVenta/app/Views/templates/header.php')
 3 SYSTEMPATH/View/View.php(231): CodeIgniter\View\View->CodeIgniter\View\{closure}()
 4 SYSTEMPATH/Common.php(1190): CodeIgniter\View\View->render('templates/header', [], true)
 5 APPPATH/Controllers/Articulos.php(12): view('templates/header', [...])
 6 SYSTEMPATH/CodeIgniter.php(942): App\Controllers\Articulos->alta_articulos()
 7 SYSTEMPATH/CodeIgniter.php(502): CodeIgniter\CodeIgniter->runController(Object(App\Controllers\Articulos))
 8 SYSTEMPATH/CodeIgniter.php(361): CodeIgniter\CodeIgniter->handleRequest(null, Object(Config\Cache), false)
 9 FCPATH/index.php(79): CodeIgniter\CodeIgniter->run()
INFO - 2024-01-25 13:16:36 --> Session: Class initialized using 'CodeIgniter\Session\Handlers\FileHandler' driver.
CRITICAL - 2024-01-25 13:16:36 --> Undefined variable $nombre
in APPPATH/Views/templates/header.php on line 41.
 1 APPPATH/Views/templates/header.php(41): CodeIgniter\Debug\Exceptions->errorHandler(2, 'Undefined variable $nombre', '/Applications/MAMP/htdocs/AppCompraVenta/app/Views/templates/header.php', 41)
 2 SYSTEMPATH/View/View.php(228): include('/Applications/MAMP/htdocs/AppCompraVenta/app/Views/templates/header.php')
 3 SYSTEMPATH/View/View.php(231): CodeIgniter\View\View->CodeIgniter\View\{closure}()
 4 SYSTEMPATH/Common.php(1190): CodeIgniter\View\View->render('templates/header', [], true)
 5 APPPATH/Controllers/Usuarios.php(57): view('templates/header')
 6 SYSTEMPATH/CodeIgniter.php(942): App\Controllers\Usuarios->comprobar_login()
 7 SYSTEMPATH/CodeIgniter.php(502): CodeIgniter\CodeIgniter->runController(Object(App\Controllers\Usuarios))
 8 SYSTEMPATH/CodeIgniter.php(361): CodeIgniter\CodeIgniter->handleRequest(null, Object(Config\Cache), false)
 9 FCPATH/index.php(79): CodeIgniter\CodeIgniter->run()
CRITICAL - 2024-01-25 13:16:42 --> Undefined variable $nombre
in APPPATH/Views/templates/header.php on line 41.
 1 APPPATH/Views/templates/header.php(41): CodeIgniter\Debug\Exceptions->errorHandler(2, 'Undefined variable $nombre', '/Applications/MAMP/htdocs/AppCompraVenta/app/Views/templates/header.php', 41)
 2 SYSTEMPATH/View/View.php(228): include('/Applications/MAMP/htdocs/AppCompraVenta/app/Views/templates/header.php')
 3 SYSTEMPATH/View/View.php(231): CodeIgniter\View\View->CodeIgniter\View\{closure}()
 4 SYSTEMPATH/Common.php(1190): CodeIgniter\View\View->render('templates/header', [], true)
 5 APPPATH/Controllers/Usuarios.php(11): view('templates/header')
 6 SYSTEMPATH/CodeIgniter.php(942): App\Controllers\Usuarios->registro()
 7 SYSTEMPATH/CodeIgniter.php(502): CodeIgniter\CodeIgniter->runController(Object(App\Controllers\Usuarios))
 8 SYSTEMPATH/CodeIgniter.php(361): CodeIgniter\CodeIgniter->handleRequest(null, Object(Config\Cache), false)
 9 FCPATH/index.php(79): CodeIgniter\CodeIgniter->run()
CRITICAL - 2024-01-25 13:16:46 --> Undefined variable $nombre
in APPPATH/Views/templates/header.php on line 41.
 1 APPPATH/Views/templates/header.php(41): CodeIgniter\Debug\Exceptions->errorHandler(2, 'Undefined variable $nombre', '/Applications/MAMP/htdocs/AppCompraVenta/app/Views/templates/header.php', 41)
 2 SYSTEMPATH/View/View.php(228): include('/Applications/MAMP/htdocs/AppCompraVenta/app/Views/templates/header.php')
 3 SYSTEMPATH/View/View.php(231): CodeIgniter\View\View->CodeIgniter\View\{closure}()
 4 SYSTEMPATH/Common.php(1190): CodeIgniter\View\View->render('templates/header', [], true)
 5 APPPATH/Controllers/Usuarios.php(11): view('templates/header')
 6 SYSTEMPATH/CodeIgniter.php(942): App\Controllers\Usuarios->registro()
 7 SYSTEMPATH/CodeIgniter.php(502): CodeIgniter\CodeIgniter->runController(Object(App\Controllers\Usuarios))
 8 SYSTEMPATH/CodeIgniter.php(361): CodeIgniter\CodeIgniter->handleRequest(null, Object(Config\Cache), false)
 9 FCPATH/index.php(79): CodeIgniter\CodeIgniter->run()
CRITICAL - 2024-01-25 13:16:52 --> Undefined variable $nombre
in APPPATH/Views/templates/header.php on line 41.
 1 APPPATH/Views/templates/header.php(41): CodeIgniter\Debug\Exceptions->errorHandler(2, 'Undefined variable $nombre', '/Applications/MAMP/htdocs/AppCompraVenta/app/Views/templates/header.php', 41)
 2 SYSTEMPATH/View/View.php(228): include('/Applications/MAMP/htdocs/AppCompraVenta/app/Views/templates/header.php')
 3 SYSTEMPATH/View/View.php(231): CodeIgniter\View\View->CodeIgniter\View\{closure}()
 4 SYSTEMPATH/Common.php(1190): CodeIgniter\View\View->render('templates/header', [], true)
 5 APPPATH/Controllers/Usuarios.php(11): view('templates/header')
 6 SYSTEMPATH/CodeIgniter.php(942): App\Controllers\Usuarios->registro()
 7 SYSTEMPATH/CodeIgniter.php(502): CodeIgniter\CodeIgniter->runController(Object(App\Controllers\Usuarios))
 8 SYSTEMPATH/CodeIgniter.php(361): CodeIgniter\CodeIgniter->handleRequest(null, Object(Config\Cache), false)
 9 FCPATH/index.php(79): CodeIgniter\CodeIgniter->run()
CRITICAL - 2024-01-25 13:20:57 --> Undefined variable $session
in APPPATH/Views/templates/header.php on line 41.
 1 APPPATH/Views/templates/header.php(41): CodeIgniter\Debug\Exceptions->errorHandler(2, 'Undefined variable $session', '/Applications/MAMP/htdocs/AppCompraVenta/app/Views/templates/header.php', 41)
 2 SYSTEMPATH/View/View.php(228): include('/Applications/MAMP/htdocs/AppCompraVenta/app/Views/templates/header.php')
 3 SYSTEMPATH/View/View.php(231): CodeIgniter\View\View->CodeIgniter\View\{closure}()
 4 SYSTEMPATH/Common.php(1190): CodeIgniter\View\View->render('templates/header', [], true)
 5 APPPATH/Controllers/Usuarios.php(11): view('templates/header')
 6 SYSTEMPATH/CodeIgniter.php(942): App\Controllers\Usuarios->registro()
 7 SYSTEMPATH/CodeIgniter.php(502): CodeIgniter\CodeIgniter->runController(Object(App\Controllers\Usuarios))
 8 SYSTEMPATH/CodeIgniter.php(361): CodeIgniter\CodeIgniter->handleRequest(null, Object(Config\Cache), false)
 9 FCPATH/index.php(79): CodeIgniter\CodeIgniter->run()
INFO - 2024-01-25 13:21:27 --> Session: Class initialized using 'CodeIgniter\Session\Handlers\FileHandler' driver.
CRITICAL - 2024-01-25 13:21:27 --> Array to string conversion
in APPPATH/Views/templates/header.php on line 41.
 1 APPPATH/Views/templates/header.php(41): CodeIgniter\Debug\Exceptions->errorHandler(2, 'Array to string conversion', '/Applications/MAMP/htdocs/AppCompraVenta/app/Views/templates/header.php', 41)
 2 SYSTEMPATH/View/View.php(228): include('/Applications/MAMP/htdocs/AppCompraVenta/app/Views/templates/header.php')
 3 SYSTEMPATH/View/View.php(231): CodeIgniter\View\View->CodeIgniter\View\{closure}()
 4 SYSTEMPATH/Common.php(1190): CodeIgniter\View\View->render('templates/header', [], true)
 5 APPPATH/Controllers/Usuarios.php(11): view('templates/header')
 6 SYSTEMPATH/CodeIgniter.php(942): App\Controllers\Usuarios->registro()
 7 SYSTEMPATH/CodeIgniter.php(502): CodeIgniter\CodeIgniter->runController(Object(App\Controllers\Usuarios))
 8 SYSTEMPATH/CodeIgniter.php(361): CodeIgniter\CodeIgniter->handleRequest(null, Object(Config\Cache), false)
 9 FCPATH/index.php(79): CodeIgniter\CodeIgniter->run()
INFO - 2024-01-25 13:22:35 --> Session: Class initialized using 'CodeIgniter\Session\Handlers\FileHandler' driver.
CRITICAL - 2024-01-25 13:22:35 --> Array to string conversion
in APPPATH/Views/templates/header.php on line 41.
 1 APPPATH/Views/templates/header.php(41): CodeIgniter\Debug\Exceptions->errorHandler(2, 'Array to string conversion', '/Applications/MAMP/htdocs/AppCompraVenta/app/Views/templates/header.php', 41)
 2 SYSTEMPATH/View/View.php(228): include('/Applications/MAMP/htdocs/AppCompraVenta/app/Views/templates/header.php')
 3 SYSTEMPATH/View/View.php(231): CodeIgniter\View\View->CodeIgniter\View\{closure}()
 4 SYSTEMPATH/Common.php(1190): CodeIgniter\View\View->render('templates/header', [], true)
 5 APPPATH/Controllers/Usuarios.php(11): view('templates/header')
 6 SYSTEMPATH/CodeIgniter.php(942): App\Controllers\Usuarios->registro()
 7 SYSTEMPATH/CodeIgniter.php(502): CodeIgniter\CodeIgniter->runController(Object(App\Controllers\Usuarios))
 8 SYSTEMPATH/CodeIgniter.php(361): CodeIgniter\CodeIgniter->handleRequest(null, Object(Config\Cache), false)
 9 FCPATH/index.php(79): CodeIgniter\CodeIgniter->run()
INFO - 2024-01-25 13:23:06 --> Session: Class initialized using 'CodeIgniter\Session\Handlers\FileHandler' driver.
INFO - 2024-01-25 13:23:09 --> Session: Class initialized using 'CodeIgniter\Session\Handlers\FileHandler' driver.
INFO - 2024-01-25 13:23:15 --> Session: Class initialized using 'CodeIgniter\Session\Handlers\FileHandler' driver.
INFO - 2024-01-25 13:23:31 --> Session: Class initialized using 'CodeIgniter\Session\Handlers\FileHandler' driver.
INFO - 2024-01-25 13:26:49 --> Session: Class initialized using 'CodeIgniter\Session\Handlers\FileHandler' driver.
INFO - 2024-01-25 13:26:51 --> Session: Class initialized using 'CodeIgniter\Session\Handlers\FileHandler' driver.
INFO - 2024-01-25 13:26:54 --> Session: Class initialized using 'CodeIgniter\Session\Handlers\FileHandler' driver.
INFO - 2024-01-25 13:27:00 --> Session: Class initialized using 'CodeIgniter\Session\Handlers\FileHandler' driver.
INFO - 2024-01-25 13:27:02 --> Session: Class initialized using 'CodeIgniter\Session\Handlers\FileHandler' driver.
INFO - 2024-01-25 13:27:23 --> Session: Class initialized using 'CodeIgniter\Session\Handlers\FileHandler' driver.
INFO - 2024-01-25 13:27:24 --> Session: Class initialized using 'CodeIgniter\Session\Handlers\FileHandler' driver.
INFO - 2024-01-25 13:27:37 --> Session: Class initialized using 'CodeIgniter\Session\Handlers\FileHandler' driver.
INFO - 2024-01-25 13:28:56 --> Session: Class initialized using 'CodeIgniter\Session\Handlers\FileHandler' driver.
INFO - 2024-01-25 13:28:58 --> Session: Class initialized using 'CodeIgniter\Session\Handlers\FileHandler' driver.
INFO - 2024-01-25 13:29:00 --> Session: Class initialized using 'CodeIgniter\Session\Handlers\FileHandler' driver.
INFO - 2024-01-25 13:29:02 --> Session: Class initialized using 'CodeIgniter\Session\Handlers\FileHandler' driver.
INFO - 2024-01-25 13:29:06 --> Session: Class initialized using 'CodeIgniter\Session\Handlers\FileHandler' driver.
INFO - 2024-01-25 13:29:34 --> Session: Class initialized using 'CodeIgniter\Session\Handlers\FileHandler' driver.
INFO - 2024-01-25 13:29:35 --> Session: Class initialized using 'CodeIgniter\Session\Handlers\FileHandler' driver.
INFO - 2024-01-25 13:29:36 --> Session: Class initialized using 'CodeIgniter\Session\Handlers\FileHandler' driver.
INFO - 2024-01-25 13:29:49 --> Session: Class initialized using 'CodeIgniter\Session\Handlers\FileHandler' driver.
INFO - 2024-01-25 13:29:52 --> Session: Class initialized using 'CodeIgniter\Session\Handlers\FileHandler' driver.
INFO - 2024-01-25 13:30:17 --> Session: Class initialized using 'CodeIgniter\Session\Handlers\FileHandler' driver.
INFO - 2024-01-25 13:30:36 --> Session: Class initialized using 'CodeIgniter\Session\Handlers\FileHandler' driver.
INFO - 2024-01-25 13:34:05 --> Session: Class initialized using 'CodeIgniter\Session\Handlers\FileHandler' driver.
INFO - 2024-01-25 13:34:12 --> Session: Class initialized using 'CodeIgniter\Session\Handlers\FileHandler' driver.
INFO - 2024-01-25 13:34:14 --> Session: Class initialized using 'CodeIgniter\Session\Handlers\FileHandler' driver.
INFO - 2024-01-25 13:34:56 --> Session: Class initialized using 'CodeIgniter\Session\Handlers\FileHandler' driver.
INFO - 2024-01-25 13:36:26 --> Session: Class initialized using 'CodeIgniter\Session\Handlers\FileHandler' driver.
INFO - 2024-01-25 13:36:28 --> Session: Class initialized using 'CodeIgniter\Session\Handlers\FileHandler' driver.
INFO - 2024-01-25 13:36:29 --> Session: Class initialized using 'CodeIgniter\Session\Handlers\FileHandler' driver.
INFO - 2024-01-25 13:36:52 --> Session: Class initialized using 'CodeIgniter\Session\Handlers\FileHandler' driver.
INFO - 2024-01-25 13:36:54 --> Session: Class initialized using 'CodeIgniter\Session\Handlers\FileHandler' driver.
INFO - 2024-01-25 13:36:54 --> Session: Class initialized using 'CodeIgniter\Session\Handlers\FileHandler' driver.
INFO - 2024-01-25 13:37:15 --> Session: Class initialized using 'CodeIgniter\Session\Handlers\FileHandler' driver.
INFO - 2024-01-25 13:37:16 --> Session: Class initialized using 'CodeIgniter\Session\Handlers\FileHandler' driver.
INFO - 2024-01-25 13:37:17 --> Session: Class initialized using 'CodeIgniter\Session\Handlers\FileHandler' driver.
INFO - 2024-01-25 13:38:05 --> Session: Class initialized using 'CodeIgniter\Session\Handlers\FileHandler' driver.
INFO - 2024-01-25 13:38:08 --> Session: Class initialized using 'CodeIgniter\Session\Handlers\FileHandler' driver.
INFO - 2024-01-25 13:39:48 --> Session: Class initialized using 'CodeIgniter\Session\Handlers\FileHandler' driver.
INFO - 2024-01-25 13:39:49 --> Session: Class initialized using 'CodeIgniter\Session\Handlers\FileHandler' driver.
INFO - 2024-01-25 13:42:05 --> Session: Class initialized using 'CodeIgniter\Session\Handlers\FileHandler' driver.
INFO - 2024-01-25 13:42:07 --> Session: Class initialized using 'CodeIgniter\Session\Handlers\FileHandler' driver.
CRITICAL - 2024-01-25 13:42:07 --> Invalid file: "articulo.php"
in SYSTEMPATH/Exceptions/FrameworkException.php on line 39.
 1 SYSTEMPATH/View/View.php(216): CodeIgniter\Exceptions\FrameworkException::forInvalidFile('articulo.php')
 2 SYSTEMPATH/Common.php(1190): CodeIgniter\View\View->render('articulo', [], true)
 3 APPPATH/Controllers/Articulos.php(66): view('articulo')
 4 SYSTEMPATH/CodeIgniter.php(942): App\Controllers\Articulos->mostrar('6')
 5 SYSTEMPATH/CodeIgniter.php(502): CodeIgniter\CodeIgniter->runController(Object(App\Controllers\Articulos))
 6 SYSTEMPATH/CodeIgniter.php(361): CodeIgniter\CodeIgniter->handleRequest(null, Object(Config\Cache), false)
 7 FCPATH/index.php(79): CodeIgniter\CodeIgniter->run()
INFO - 2024-01-25 13:42:47 --> Session: Class initialized using 'CodeIgniter\Session\Handlers\FileHandler' driver.
INFO - 2024-01-25 13:44:02 --> Session: Class initialized using 'CodeIgniter\Session\Handlers\FileHandler' driver.
INFO - 2024-01-25 13:44:07 --> Session: Class initialized using 'CodeIgniter\Session\Handlers\FileHandler' driver.
INFO - 2024-01-25 13:44:08 --> Session: Class initialized using 'CodeIgniter\Session\Handlers\FileHandler' driver.
INFO - 2024-01-25 13:44:09 --> Session: Class initialized using 'CodeIgniter\Session\Handlers\FileHandler' driver.
INFO - 2024-01-25 13:44:10 --> Session: Class initialized using 'CodeIgniter\Session\Handlers\FileHandler' driver.
INFO - 2024-01-25 13:45:09 --> Session: Class initialized using 'CodeIgniter\Session\Handlers\FileHandler' driver.
INFO - 2024-01-25 13:45:12 --> Session: Class initialized using 'CodeIgniter\Session\Handlers\FileHandler' driver.
INFO - 2024-01-25 13:45:19 --> Session: Class initialized using 'CodeIgniter\Session\Handlers\FileHandler' driver.
ERROR - 2024-01-25 13:45:21 --> mysqli_sql_exception: Column 'nombre' cannot be null in /Applications/MAMP/htdocs/AppCompraVenta/system/Database/MySQLi/Connection.php:306
Stack trace:
#0 /Applications/MAMP/htdocs/AppCompraVenta/system/Database/MySQLi/Connection.php(306): mysqli->query('INSERT INTO `us...', 0)
#1 /Applications/MAMP/htdocs/AppCompraVenta/system/Database/BaseConnection.php(693): CodeIgniter\Database\MySQLi\Connection->execute('INSERT INTO `us...')
#2 /Applications/MAMP/htdocs/AppCompraVenta/system/Database/BaseConnection.php(607): CodeIgniter\Database\BaseConnection->simpleQuery('INSERT INTO `us...')
#3 /Applications/MAMP/htdocs/AppCompraVenta/system/Database/BaseBuilder.php(2308): CodeIgniter\Database\BaseConnection->query('INSERT INTO `us...', Array, false)
#4 /Applications/MAMP/htdocs/AppCompraVenta/system/Model.php(319): CodeIgniter\Database\BaseBuilder->insert()
#5 /Applications/MAMP/htdocs/AppCompraVenta/system/BaseModel.php(788): CodeIgniter\Model->doInsert(Array)
#6 /Applications/MAMP/htdocs/AppCompraVenta/system/Model.php(715): CodeIgniter\BaseModel->insert(Array, false)
#7 /Applications/MAMP/htdocs/AppCompraVenta/system/BaseModel.php(698): CodeIgniter\Model->insert(Array, false)
#8 /Applications/MAMP/htdocs/AppCompraVenta/app/Controllers/Usuarios.php(28): CodeIgniter\BaseModel->save(Array)
#9 /Applications/MAMP/htdocs/AppCompraVenta/system/CodeIgniter.php(942): App\Controllers\Usuarios->guardar_usuario()
#10 /Applications/MAMP/htdocs/AppCompraVenta/system/CodeIgniter.php(502): CodeIgniter\CodeIgniter->runController(Object(App\Controllers\Usuarios))
#11 /Applications/MAMP/htdocs/AppCompraVenta/system/CodeIgniter.php(361): CodeIgniter\CodeIgniter->handleRequest(NULL, Object(Config\Cache), false)
#12 /Applications/MAMP/htdocs/AppCompraVenta/public/index.php(79): CodeIgniter\CodeIgniter->run()
#13 {main}
CRITICAL - 2024-01-25 13:45:21 --> Column 'nombre' cannot be null
in SYSTEMPATH/Database/BaseConnection.php on line 647.
 1 SYSTEMPATH/Database/BaseBuilder.php(2308): CodeIgniter\Database\BaseConnection->query('INSERT INTO `usuarios` (`nombre`, `contraseña`) VALUES (:nombre:, :contraseña:)', [...], false)
 2 SYSTEMPATH/Model.php(319): CodeIgniter\Database\BaseBuilder->insert()
 3 SYSTEMPATH/BaseModel.php(788): CodeIgniter\Model->doInsert([...])
 4 SYSTEMPATH/Model.php(715): CodeIgniter\BaseModel->insert([...], false)
 5 SYSTEMPATH/BaseModel.php(698): CodeIgniter\Model->insert([...], false)
 6 APPPATH/Controllers/Usuarios.php(28): CodeIgniter\BaseModel->save([...])
 7 SYSTEMPATH/CodeIgniter.php(942): App\Controllers\Usuarios->guardar_usuario()
 8 SYSTEMPATH/CodeIgniter.php(502): CodeIgniter\CodeIgniter->runController(Object(App\Controllers\Usuarios))
 9 SYSTEMPATH/CodeIgniter.php(361): CodeIgniter\CodeIgniter->handleRequest(null, Object(Config\Cache), false)
10 FCPATH/index.php(79): CodeIgniter\CodeIgniter->run()
ERROR - 2024-01-25 13:47:08 --> mysqli_sql_exception: Column 'nombre' cannot be null in /Applications/MAMP/htdocs/AppCompraVenta/system/Database/MySQLi/Connection.php:306
Stack trace:
#0 /Applications/MAMP/htdocs/AppCompraVenta/system/Database/MySQLi/Connection.php(306): mysqli->query('INSERT INTO `us...', 0)
#1 /Applications/MAMP/htdocs/AppCompraVenta/system/Database/BaseConnection.php(693): CodeIgniter\Database\MySQLi\Connection->execute('INSERT INTO `us...')
#2 /Applications/MAMP/htdocs/AppCompraVenta/system/Database/BaseConnection.php(607): CodeIgniter\Database\BaseConnection->simpleQuery('INSERT INTO `us...')
#3 /Applications/MAMP/htdocs/AppCompraVenta/system/Database/BaseBuilder.php(2308): CodeIgniter\Database\BaseConnection->query('INSERT INTO `us...', Array, false)
#4 /Applications/MAMP/htdocs/AppCompraVenta/system/Model.php(319): CodeIgniter\Database\BaseBuilder->insert()
#5 /Applications/MAMP/htdocs/AppCompraVenta/system/BaseModel.php(788): CodeIgniter\Model->doInsert(Array)
#6 /Applications/MAMP/htdocs/AppCompraVenta/system/Model.php(715): CodeIgniter\BaseModel->insert(Array, false)
#7 /Applications/MAMP/htdocs/AppCompraVenta/system/BaseModel.php(698): CodeIgniter\Model->insert(Array, false)
#8 /Applications/MAMP/htdocs/AppCompraVenta/app/Controllers/Usuarios.php(28): CodeIgniter\BaseModel->save(Array)
#9 /Applications/MAMP/htdocs/AppCompraVenta/system/CodeIgniter.php(942): App\Controllers\Usuarios->guardar_usuario()
#10 /Applications/MAMP/htdocs/AppCompraVenta/system/CodeIgniter.php(502): CodeIgniter\CodeIgniter->runController(Object(App\Controllers\Usuarios))
#11 /Applications/MAMP/htdocs/AppCompraVenta/system/CodeIgniter.php(361): CodeIgniter\CodeIgniter->handleRequest(NULL, Object(Config\Cache), false)
#12 /Applications/MAMP/htdocs/AppCompraVenta/public/index.php(79): CodeIgniter\CodeIgniter->run()
#13 {main}
CRITICAL - 2024-01-25 13:47:08 --> Column 'nombre' cannot be null
in SYSTEMPATH/Database/BaseConnection.php on line 647.
 1 SYSTEMPATH/Database/BaseBuilder.php(2308): CodeIgniter\Database\BaseConnection->query('INSERT INTO `usuarios` (`nombre`, `contraseña`) VALUES (:nombre:, :contraseña:)', [...], false)
 2 SYSTEMPATH/Model.php(319): CodeIgniter\Database\BaseBuilder->insert()
 3 SYSTEMPATH/BaseModel.php(788): CodeIgniter\Model->doInsert([...])
 4 SYSTEMPATH/Model.php(715): CodeIgniter\BaseModel->insert([...], false)
 5 SYSTEMPATH/BaseModel.php(698): CodeIgniter\Model->insert([...], false)
 6 APPPATH/Controllers/Usuarios.php(28): CodeIgniter\BaseModel->save([...])
 7 SYSTEMPATH/CodeIgniter.php(942): App\Controllers\Usuarios->guardar_usuario()
 8 SYSTEMPATH/CodeIgniter.php(502): CodeIgniter\CodeIgniter->runController(Object(App\Controllers\Usuarios))
 9 SYSTEMPATH/CodeIgniter.php(361): CodeIgniter\CodeIgniter->handleRequest(null, Object(Config\Cache), false)
10 FCPATH/index.php(79): CodeIgniter\CodeIgniter->run()
INFO - 2024-01-25 13:47:32 --> Session: Class initialized using 'CodeIgniter\Session\Handlers\FileHandler' driver.
INFO - 2024-01-25 13:47:32 --> Session: Class initialized using 'CodeIgniter\Session\Handlers\FileHandler' driver.
INFO - 2024-01-25 13:48:45 --> Session: Class initialized using 'CodeIgniter\Session\Handlers\FileHandler' driver.
INFO - 2024-01-25 13:49:14 --> Session: Class initialized using 'CodeIgniter\Session\Handlers\FileHandler' driver.
INFO - 2024-01-25 13:49:22 --> Session: Class initialized using 'CodeIgniter\Session\Handlers\FileHandler' driver.
INFO - 2024-01-25 13:49:22 --> Session: Class initialized using 'CodeIgniter\Session\Handlers\FileHandler' driver.
INFO - 2024-01-25 13:49:40 --> Session: Class initialized using 'CodeIgniter\Session\Handlers\FileHandler' driver.
INFO - 2024-01-25 13:49:46 --> Session: Class initialized using 'CodeIgniter\Session\Handlers\FileHandler' driver.
INFO - 2024-01-25 13:49:46 --> Session: Class initialized using 'CodeIgniter\Session\Handlers\FileHandler' driver.
INFO - 2024-01-25 13:49:50 --> Session: Class initialized using 'CodeIgniter\Session\Handlers\FileHandler' driver.
INFO - 2024-01-25 13:49:53 --> Session: Class initialized using 'CodeIgniter\Session\Handlers\FileHandler' driver.
INFO - 2024-01-25 13:49:57 --> Session: Class initialized using 'CodeIgniter\Session\Handlers\FileHandler' driver.
INFO - 2024-01-25 13:49:57 --> Session: Class initialized using 'CodeIgniter\Session\Handlers\FileHandler' driver.
INFO - 2024-01-25 13:50:09 --> Session: Class initialized using 'CodeIgniter\Session\Handlers\FileHandler' driver.
INFO - 2024-01-25 13:50:19 --> Session: Class initialized using 'CodeIgniter\Session\Handlers\FileHandler' driver.
INFO - 2024-01-25 13:50:19 --> Session: Class initialized using 'CodeIgniter\Session\Handlers\FileHandler' driver.
INFO - 2024-01-25 13:50:23 --> Session: Class initialized using 'CodeIgniter\Session\Handlers\FileHandler' driver.
INFO - 2024-01-25 13:51:25 --> Session: Class initialized using 'CodeIgniter\Session\Handlers\FileHandler' driver.
INFO - 2024-01-25 13:52:19 --> Session: Class initialized using 'CodeIgniter\Session\Handlers\FileHandler' driver.
INFO - 2024-01-25 13:52:20 --> Session: Class initialized using 'CodeIgniter\Session\Handlers\FileHandler' driver.
INFO - 2024-01-25 16:33:56 --> Session: Class initialized using 'CodeIgniter\Session\Handlers\FileHandler' driver.
INFO - 2024-01-25 16:33:57 --> Session: Class initialized using 'CodeIgniter\Session\Handlers\FileHandler' driver.
INFO - 2024-01-25 16:33:58 --> Session: Class initialized using 'CodeIgniter\Session\Handlers\FileHandler' driver.
INFO - 2024-01-25 16:33:59 --> Session: Class initialized using 'CodeIgniter\Session\Handlers\FileHandler' driver.
INFO - 2024-01-25 16:34:07 --> Session: Class initialized using 'CodeIgniter\Session\Handlers\FileHandler' driver.
